<?xml version="1.0" encoding="UTF-8"?>
<!-- Generated by org.testng.reporters.JUnitXMLReporter -->
<testsuite hostname="LAPTOP-CU4Q43D9" ignored="3" name="Test" tests="2" failures="0" timestamp="04 Feb 2021 18:26:36 GMT" time="117.279" errors="0">
  <testcase name="invoice_1" time="47.923" classname="com.crm.autodesk.AssignmentTestCase.TestCase12"/>
  <testcase name="invoice_1" time="43.887" classname="com.crm.autodesk.AssignmentTestCase.TestCase13"/>
  <testcase name="@AfterSuite configAS" time="0.0" classname="com.crm.autodesk.genericlib.BaseClass">
    <ignored/>
  </testcase> <!-- @AfterSuite configAS -->
  <testcase name="@BeforeSuite configBS" time="0.0" classname="com.crm.autodesk.genericlib.BaseClass">
    <ignored/>
  </testcase> <!-- @BeforeSuite configBS -->
  <testcase name="@AfterTest configAT" time="0.0" classname="com.crm.autodesk.genericlib.BaseClass">
    <ignored/>
  </testcase> <!-- @AfterTest configAT -->
</testsuite> <!-- Test -->
